[20:46:05] [ServerMain/INFO]: Environment: Environment[sessionHost=https://sessionserver.mojang.com, servicesHost=https://api.minecraftservices.com, name=PROD]
[20:46:07] [ServerMain/INFO]: No existing world data, creating new world
[20:46:08] [ServerMain/INFO]: Loaded 1290 recipes
[20:46:09] [ServerMain/INFO]: Loaded 1399 advancements
[20:46:10] [Server thread/INFO]: Starting minecraft server version 1.21.1
[20:46:10] [Server thread/INFO]: Loading properties
[20:46:10] [Server thread/INFO]: Default game type: SURVIVAL
[20:46:10] [Server thread/INFO]: Generating keypair
[20:46:10] [Server thread/INFO]: Starting Minecraft server on *:25565
[20:46:11] [Server thread/INFO]: Using epoll channel type
[20:46:11] [Server thread/WARN]: **** FAILED TO BIND TO PORT!
[20:46:11] [Server thread/WARN]: The exception was: io.netty.channel.unix.Errors$NativeIoException: bind(..) failed: Address already in use
[20:46:11] [Server thread/WARN]: Perhaps a server is already running on that port?
[20:46:11] [Server thread/ERROR]: Encountered an unexpected exception
java.lang.IllegalStateException: Failed to initialize server
	at net.minecraft.server.MinecraftServer.y(SourceFile:716) ~[server-1.21.1.jar:?]
	at net.minecraft.server.MinecraftServer.a(SourceFile:281) ~[server-1.21.1.jar:?]
	at java.base/java.lang.Thread.run(Thread.java:1583) [?:?]
[20:46:11] [Server thread/ERROR]: This crash report has been saved to: /workspaces/Sincra/servidor_minecraft/crash-reports/crash-2025-03-15_20.46.11-server.txt
[20:46:11] [Server thread/INFO]: Stopping server
[20:46:11] [Server thread/INFO]: Saving worlds
[20:46:11] [Server thread/ERROR]: Exception stopping the server
java.lang.NullPointerException: Cannot invoke "aqu.C_()" because "$$5" is null
	at net.minecraft.server.MinecraftServer.a(SourceFile:561) ~[server-1.21.1.jar:?]
	at net.minecraft.server.MinecraftServer.v(SourceFile:620) ~[server-1.21.1.jar:?]
	at apn.v(SourceFile:561) ~[server-1.21.1.jar:?]
	at net.minecraft.server.MinecraftServer.y(SourceFile:735) ~[server-1.21.1.jar:?]
	at net.minecraft.server.MinecraftServer.a(SourceFile:281) ~[server-1.21.1.jar:?]
	at java.base/java.lang.Thread.run(Thread.java:1583) [?:?]
